[0618/040412.168:ERROR:process_memory_win.cc(73)] ReadMemory at 0x1d2179ac3d0 of 72 bytes failed: Only part of a ReadProcessMemory or WriteProcessMemory request was completed. (0x12B)
[0618/040412.917:WARNING:pe_image_annotations_reader.cc(134)] could not read annotations list object in C:\Program Files (x86)\Google\Chrome\Application\83.0.4103.106\chrome_elf.dll
[0618/040412.918:ERROR:process_memory_win.cc(73)] ReadMemory at 0x1d217d78cf0 of 72 bytes failed: Only part of a ReadProcessMemory or WriteProcessMemory request was completed. (0x12B)
[0618/040412.918:WARNING:pe_image_annotations_reader.cc(134)] could not read annotations list object in C:\Program Files (x86)\Google\Chrome\Application\83.0.4103.106\chrome.dll
[0618/040412.918:ERROR:process_memory_win.cc(73)] ReadMemory at 0x1d217990000 of 64 bytes failed: Only part of a ReadProcessMemory or WriteProcessMemory request was completed. (0x12B)
[0618/040412.977:WARNING:pe_image_reader.cc(340)] could not read dos header from C:\Windows\System32\NSI.dll
[0618/040413.052:ERROR:process_memory_win.cc(73)] ReadMemory at 0x1d2179ac3d0 of 72 bytes failed: Only part of a ReadProcessMemory or WriteProcessMemory request was completed. (0x12B)
[0618/040413.052:WARNING:pe_image_annotations_reader.cc(134)] could not read annotations list object in C:\Program Files (x86)\Google\Chrome\Application\83.0.4103.106\chrome_elf.dll
[0618/040413.052:ERROR:process_memory_win.cc(73)] ReadMemory at 0x1d217d78cf0 of 72 bytes failed: Only part of a ReadProcessMemory or WriteProcessMemory request was completed. (0x12B)
[0618/040413.052:WARNING:pe_image_annotations_reader.cc(134)] could not read annotations list object in C:\Program Files (x86)\Google\Chrome\Application\83.0.4103.106\chrome.dll
[0618/040413.052:ERROR:process_memory_win.cc(73)] ReadMemory at 0x1d217990000 of 64 bytes failed: Only part of a ReadProcessMemory or WriteProcessMemory request was completed. (0x12B)
[0618/040413.052:WARNING:pe_image_reader.cc(340)] could not read dos header from C:\Windows\System32\NSI.dll
[0618/040413.053:ERROR:process_memory_win.cc(73)] ReadMemory at 0x1d2179ac3d0 of 72 bytes failed: Only part of a ReadProcessMemory or WriteProcessMemory request was completed. (0x12B)
[0618/040413.053:WARNING:pe_image_annotations_reader.cc(134)] could not read annotations list object in C:\Program Files (x86)\Google\Chrome\Application\83.0.4103.106\chrome_elf.dll
[0618/040413.053:ERROR:process_memory_win.cc(73)] ReadMemory at 0x1d217d78cf0 of 72 bytes failed: Only part of a ReadProcessMemory or WriteProcessMemory request was completed. (0x12B)
[0618/040413.053:WARNING:pe_image_annotations_reader.cc(134)] could not read annotations list object in C:\Program Files (x86)\Google\Chrome\Application\83.0.4103.106\chrome.dll
[0618/040413.053:ERROR:process_memory_win.cc(73)] ReadMemory at 0x1d217990000 of 64 bytes failed: Only part of a ReadProcessMemory or WriteProcessMemory request was completed. (0x12B)
[0618/040413.053:WARNING:pe_image_reader.cc(340)] could not read dos header from C:\Windows\System32\NSI.dll
[0618/040413.098:ERROR:process_memory_win.cc(73)] ReadMemory at 0x6fd27e5000 of 110592 bytes failed: Only part of a ReadProcessMemory or WriteProcessMemory request was completed. (0x12B)
[0618/040413.099:ERROR:process_memory_win.cc(73)] ReadMemory at 0x6fd2ffd000 of 12288 bytes failed: Only part of a ReadProcessMemory or WriteProcessMemory request was completed. (0x12B)
[0618/040413.099:ERROR:process_memory_win.cc(73)] ReadMemory at 0x6fd37f6000 of 40960 bytes failed: Only part of a ReadProcessMemory or WriteProcessMemory request was completed. (0x12B)
[0618/040413.099:ERROR:process_memory_win.cc(73)] ReadMemory at 0x6fd3ffc000 of 16384 bytes failed: Only part of a ReadProcessMemory or WriteProcessMemory request was completed. (0x12B)
[0618/040413.099:ERROR:process_memory_win.cc(73)] ReadMemory at 0x6fd47fc000 of 16384 bytes failed: Only part of a ReadProcessMemory or WriteProcessMemory request was completed. (0x12B)
[0618/040413.099:ERROR:process_memory_win.cc(73)] ReadMemory at 0x6fd4ffe000 of 8192 bytes failed: Only part of a ReadProcessMemory or WriteProcessMemory request was completed. (0x12B)
[0618/040413.099:ERROR:process_memory_win.cc(73)] ReadMemory at 0x6fd57fc000 of 16384 bytes failed: Only part of a ReadProcessMemory or WriteProcessMemory request was completed. (0x12B)
[0618/040413.099:ERROR:process_memory_win.cc(73)] ReadMemory at 0x6fd5ffb000 of 20480 bytes failed: Only part of a ReadProcessMemory or WriteProcessMemory request was completed. (0x12B)
[0618/040413.099:ERROR:process_memory_win.cc(73)] ReadMemory at 0x6fd67fd000 of 12288 bytes failed: Only part of a ReadProcessMemory or WriteProcessMemory request was completed. (0x12B)
[0618/040413.099:ERROR:process_memory_win.cc(73)] ReadMemory at 0x6fd6ffa000 of 24576 bytes failed: Only part of a ReadProcessMemory or WriteProcessMemory request was completed. (0x12B)
[0618/040413.099:ERROR:process_memory_win.cc(73)] ReadMemory at 0x6fd77fa000 of 24576 bytes failed: Only part of a ReadProcessMemory or WriteProcessMemory request was completed. (0x12B)
[0618/040413.099:ERROR:process_memory_win.cc(73)] ReadMemory at 0x6fd7ff8000 of 32768 bytes failed: Only part of a ReadProcessMemory or WriteProcessMemory request was completed. (0x12B)
[0618/040413.100:ERROR:process_memory_win.cc(73)] ReadMemory at 0x6fdaffd000 of 12288 bytes failed: Only part of a ReadProcessMemory or WriteProcessMemory request was completed. (0x12B)
[0618/040413.100:ERROR:process_memory_win.cc(73)] ReadMemory at 0x6fdd7fc000 of 16384 bytes failed: Only part of a ReadProcessMemory or WriteProcessMemory request was completed. (0x12B)
[0618/040413.100:ERROR:process_memory_win.cc(73)] ReadMemory at 0x6fdcffc000 of 16384 bytes failed: Only part of a ReadProcessMemory or WriteProcessMemory request was completed. (0x12B)
[0618/040413.100:ERROR:process_memory_win.cc(73)] ReadMemory at 0x6fddffe000 of 8192 bytes failed: Only part of a ReadProcessMemory or WriteProcessMemory request was completed. (0x12B)
[0618/040413.100:ERROR:process_memory_win.cc(73)] ReadMemory at 0x6fd1ed6000 of 852 bytes failed: Only part of a ReadProcessMemory or WriteProcessMemory request was completed. (0x12B)
[0618/040413.100:ERROR:process_memory_win.cc(73)] ReadMemory at 0x6fd1ed7000 of 6024 bytes failed: Only part of a ReadProcessMemory or WriteProcessMemory request was completed. (0x12B)
[0618/040413.100:ERROR:process_memory_win.cc(73)] ReadMemory at 0x6fd1ed9000 of 6024 bytes failed: Only part of a ReadProcessMemory or WriteProcessMemory request was completed. (0x12B)
[0618/040413.100:ERROR:process_memory_win.cc(73)] ReadMemory at 0x6fd1edb000 of 6024 bytes failed: Only part of a ReadProcessMemory or WriteProcessMemory request was completed. (0x12B)
[0618/040413.100:ERROR:process_memory_win.cc(73)] ReadMemory at 0x6fd1edd000 of 6024 bytes failed: Only part of a ReadProcessMemory or WriteProcessMemory request was completed. (0x12B)
[0618/040413.100:ERROR:process_memory_win.cc(73)] ReadMemory at 0x6fd1edf000 of 6024 bytes failed: Only part of a ReadProcessMemory or WriteProcessMemory request was completed. (0x12B)
[0618/040413.100:ERROR:process_memory_win.cc(73)] ReadMemory at 0x6fd1ee1000 of 6024 bytes failed: Only part of a ReadProcessMemory or WriteProcessMemory request was completed. (0x12B)
[0618/040413.100:ERROR:process_memory_win.cc(73)] ReadMemory at 0x6fd1ee3000 of 6024 bytes failed: Only part of a ReadProcessMemory or WriteProcessMemory request was completed. (0x12B)
[0618/040413.100:ERROR:process_memory_win.cc(73)] ReadMemory at 0x6fd1ee5000 of 6024 bytes failed: Only part of a ReadProcessMemory or WriteProcessMemory request was completed. (0x12B)
[0618/040413.100:ERROR:process_memory_win.cc(73)] ReadMemory at 0x6fd1ee7000 of 6024 bytes failed: Only part of a ReadProcessMemory or WriteProcessMemory request was completed. (0x12B)
[0618/040413.101:ERROR:process_memory_win.cc(73)] ReadMemory at 0x6fd1ee9000 of 6024 bytes failed: Only part of a ReadProcessMemory or WriteProcessMemory request was completed. (0x12B)
[0618/040413.101:ERROR:process_memory_win.cc(73)] ReadMemory at 0x6fd1eeb000 of 6024 bytes failed: Only part of a ReadProcessMemory or WriteProcessMemory request was completed. (0x12B)
[0618/040413.108:ERROR:process_memory_win.cc(73)] ReadMemory at 0x6fd1eed000 of 6024 bytes failed: Only part of a ReadProcessMemory or WriteProcessMemory request was completed. (0x12B)
[0618/040413.108:ERROR:process_memory_win.cc(73)] ReadMemory at 0x6fd1ef9000 of 6024 bytes failed: Only part of a ReadProcessMemory or WriteProcessMemory request was completed. (0x12B)
[0618/040413.108:ERROR:process_memory_win.cc(73)] ReadMemory at 0x6fd1f01000 of 6024 bytes failed: Only part of a ReadProcessMemory or WriteProcessMemory request was completed. (0x12B)
[0618/040413.109:ERROR:process_memory_win.cc(73)] ReadMemory at 0x6fd1f03000 of 6024 bytes failed: Only part of a ReadProcessMemory or WriteProcessMemory request was completed. (0x12B)
[0618/040413.109:ERROR:process_memory_win.cc(73)] ReadMemory at 0x6fd1f05000 of 6024 bytes failed: Only part of a ReadProcessMemory or WriteProcessMemory request was completed. (0x12B)
[0618/040413.109:ERROR:process_memory_win.cc(73)] ReadMemory at 0x1d217720fc0 of 21784 bytes failed: Only part of a ReadProcessMemory or WriteProcessMemory request was completed. (0x12B)
[0618/040413.109:ERROR:process_memory_win.cc(73)] ReadMemory at 0x1d2177264e0 of 1012 bytes failed: Only part of a ReadProcessMemory or WriteProcessMemory request was completed. (0x12B)
[0618/040413.109:ERROR:process_memory_win.cc(73)] ReadMemory at 0x1d217726af8 of 118 bytes failed: Only part of a ReadProcessMemory or WriteProcessMemory request was completed. (0x12B)
[0618/040413.109:ERROR:process_memory_win.cc(73)] ReadMemory at 0x1d217726b70 of 754 bytes failed: Only part of a ReadProcessMemory or WriteProcessMemory request was completed. (0x12B)
[0618/040413.109:ERROR:process_memory_win.cc(73)] ReadMemory at 0x1d217726e64 of 118 bytes failed: Only part of a ReadProcessMemory or WriteProcessMemory request was completed. (0x12B)
[0618/040413.109:ERROR:process_memory_win.cc(73)] ReadMemory at 0x1d217726edc of 96 bytes failed: Only part of a ReadProcessMemory or WriteProcessMemory request was completed. (0x12B)
[0618/040413.109:ERROR:process_memory_win.cc(73)] ReadMemory at 0x1d217726f50 of 58 bytes failed: Only part of a ReadProcessMemory or WriteProcessMemory request was completed. (0x12B)
[0618/040413.109:ERROR:process_memory_win.cc(73)] ReadMemory at 0x1d217727050 of 132 bytes failed: Only part of a ReadProcessMemory or WriteProcessMemory request was completed. (0x12B)
[0618/040413.109:ERROR:process_memory_win.cc(73)] ReadMemory at 0x1d2177271e0 of 132 bytes failed: Only part of a ReadProcessMemory or WriteProcessMemory request was completed. (0x12B)
[0618/040413.109:ERROR:process_memory_win.cc(73)] ReadMemory at 0x1d2177273a0 of 126 bytes failed: Only part of a ReadProcessMemory or WriteProcessMemory request was completed. (0x12B)
[0618/040413.109:ERROR:process_memory_win.cc(73)] ReadMemory at 0x1d217727760 of 132 bytes failed: Only part of a ReadProcessMemory or WriteProcessMemory request was completed. (0x12B)
[0618/040413.109:ERROR:process_memory_win.cc(73)] ReadMemory at 0x1d2177278f0 of 64 bytes failed: Only part of a ReadProcessMemory or WriteProcessMemory request was completed. (0x12B)
[0618/040413.109:ERROR:process_memory_win.cc(73)] ReadMemory at 0x1d217727940 of 132 bytes failed: Only part of a ReadProcessMemory or WriteProcessMemory request was completed. (0x12B)
[0618/040413.109:ERROR:process_memory_win.cc(73)] ReadMemory at 0x1d217727c70 of 132 bytes failed: Only part of a ReadProcessMemory or WriteProcessMemory request was completed. (0x12B)
[0618/040413.110:ERROR:process_memory_win.cc(73)] ReadMemory at 0x1d217727e00 of 68 bytes failed: Only part of a ReadProcessMemory or WriteProcessMemory request was completed. (0x12B)
[0618/040413.110:ERROR:process_memory_win.cc(73)] ReadMemory at 0x1d217728bc0 of 132 bytes failed: Only part of a ReadProcessMemory or WriteProcessMemory request was completed. (0x12B)
[0618/040413.110:ERROR:process_memory_win.cc(73)] ReadMemory at 0x1d217728db0 of 132 bytes failed: Only part of a ReadProcessMemory or WriteProcessMemory request was completed. (0x12B)
[0618/040413.110:ERROR:process_memory_win.cc(73)] ReadMemory at 0x1d217728ee0 of 154 bytes failed: Only part of a ReadProcessMemory or WriteProcessMemory request was completed. (0x12B)
[0618/040413.110:ERROR:process_memory_win.cc(73)] ReadMemory at 0x1d21772b820 of 62 bytes failed: Only part of a ReadProcessMemory or WriteProcessMemory request was completed. (0x12B)
[0618/040413.110:ERROR:process_memory_win.cc(73)] ReadMemory at 0x1d21772b960 of 132 bytes failed: Only part of a ReadProcessMemory or WriteProcessMemory request was completed. (0x12B)
[0618/040413.110:ERROR:process_memory_win.cc(73)] ReadMemory at 0x1d21772baf0 of 60 bytes failed: Only part of a ReadProcessMemory or WriteProcessMemory request was completed. (0x12B)
[0618/040413.110:ERROR:process_memory_win.cc(73)] ReadMemory at 0x1d21772bb40 of 146 bytes failed: Only part of a ReadProcessMemory or WriteProcessMemory request was completed. (0x12B)
[0618/040413.110:ERROR:process_memory_win.cc(73)] ReadMemory at 0x1d21772d510 of 132 bytes failed: Only part of a ReadProcessMemory or WriteProcessMemory request was completed. (0x12B)
[0618/040413.110:ERROR:process_memory_win.cc(73)] ReadMemory at 0x1d21772d6a0 of 80 bytes failed: Only part of a ReadProcessMemory or WriteProcessMemory request was completed. (0x12B)
[0618/040413.110:ERROR:process_memory_win.cc(73)] ReadMemory at 0x1d2177309f0 of 80 bytes failed: Only part of a ReadProcessMemory or WriteProcessMemory request was completed. (0x12B)
[0618/040413.110:ERROR:process_memory_win.cc(73)] ReadMemory at 0x1d217734070 of 512 bytes failed: Only part of a ReadProcessMemory or WriteProcessMemory request was completed. (0x12B)
[0618/040413.110:ERROR:process_memory_win.cc(73)] ReadMemory at 0x1d217734c60 of 132 bytes failed: Only part of a ReadProcessMemory or WriteProcessMemory request was completed. (0x12B)
[0618/040413.110:ERROR:process_memory_win.cc(73)] ReadMemory at 0x1d217734f50 of 132 bytes failed: Only part of a ReadProcessMemory or WriteProcessMemory request was completed. (0x12B)
[0618/040413.111:ERROR:process_memory_win.cc(73)] ReadMemory at 0x1d217735b30 of 54 bytes failed: Only part of a ReadProcessMemory or WriteProcessMemory request was completed. (0x12B)
[0618/040413.111:ERROR:process_memory_win.cc(73)] ReadMemory at 0x1d217737780 of 132 bytes failed: Only part of a ReadProcessMemory or WriteProcessMemory request was completed. (0x12B)
[0618/040413.111:ERROR:process_memory_win.cc(73)] ReadMemory at 0x1d2177378b0 of 132 bytes failed: Only part of a ReadProcessMemory or WriteProcessMemory request was completed. (0x12B)
[0618/040413.111:ERROR:process_memory_win.cc(73)] ReadMemory at 0x1d2177383a0 of 132 bytes failed: Only part of a ReadProcessMemory or WriteProcessMemory request was completed. (0x12B)
[0618/040413.111:ERROR:process_memory_win.cc(73)] ReadMemory at 0x1d2177384d0 of 132 bytes failed: Only part of a ReadProcessMemory or WriteProcessMemory request was completed. (0x12B)
[0618/040413.111:ERROR:process_memory_win.cc(73)] ReadMemory at 0x1d217738600 of 132 bytes failed: Only part of a ReadProcessMemory or WriteProcessMemory request was completed. (0x12B)
[0618/040413.111:ERROR:process_memory_win.cc(73)] ReadMemory at 0x1d217738730 of 132 bytes failed: Only part of a ReadProcessMemory or WriteProcessMemory request was completed. (0x12B)
[0618/040413.111:ERROR:process_memory_win.cc(73)] ReadMemory at 0x1d217738860 of 132 bytes failed: Only part of a ReadProcessMemory or WriteProcessMemory request was completed. (0x12B)
[0618/040413.111:ERROR:process_memory_win.cc(73)] ReadMemory at 0x1d217738990 of 132 bytes failed: Only part of a ReadProcessMemory or WriteProcessMemory request was completed. (0x12B)
[0618/040413.111:ERROR:process_memory_win.cc(73)] ReadMemory at 0x1d217738ac0 of 132 bytes failed: Only part of a ReadProcessMemory or WriteProcessMemory request was completed. (0x12B)
[0618/040413.111:ERROR:process_memory_win.cc(73)] ReadMemory at 0x1d217738bf0 of 132 bytes failed: Only part of a ReadProcessMemory or WriteProcessMemory request was completed. (0x12B)
[0618/040413.117:ERROR:process_memory_win.cc(73)] ReadMemory at 0x1d217738d20 of 132 bytes failed: Only part of a ReadProcessMemory or WriteProcessMemory request was completed. (0x12B)
[0618/040413.117:ERROR:process_memory_win.cc(73)] ReadMemory at 0x1d217738e50 of 132 bytes failed: Only part of a ReadProcessMemory or WriteProcessMemory request was completed. (0x12B)
[0618/040413.117:ERROR:process_memory_win.cc(73)] ReadMemory at 0x1d217738f80 of 132 bytes failed: Only part of a ReadProcessMemory or WriteProcessMemory request was completed. (0x12B)
[0618/040413.117:ERROR:process_memory_win.cc(73)] ReadMemory at 0x1d2177390b0 of 132 bytes failed: Only part of a ReadProcessMemory or WriteProcessMemory request was completed. (0x12B)
[0618/040413.117:ERROR:process_memory_win.cc(73)] ReadMemory at 0x1d2177391e0 of 132 bytes failed: Only part of a ReadProcessMemory or WriteProcessMemory request was completed. (0x12B)
[0618/040413.117:ERROR:process_memory_win.cc(73)] ReadMemory at 0x1d21773a050 of 62 bytes failed: Only part of a ReadProcessMemory or WriteProcessMemory request was completed. (0x12B)
[0618/040413.117:ERROR:process_memory_win.cc(73)] ReadMemory at 0x1d21773a0a0 of 58 bytes failed: Only part of a ReadProcessMemory or WriteProcessMemory request was completed. (0x12B)
[0618/040413.117:ERROR:process_memory_win.cc(73)] ReadMemory at 0x1d21773a0f0 of 64 bytes failed: Only part of a ReadProcessMemory or WriteProcessMemory request was completed. (0x12B)
[0618/040413.117:ERROR:process_memory_win.cc(73)] ReadMemory at 0x1d21773a140 of 64 bytes failed: Only part of a ReadProcessMemory or WriteProcessMemory request was completed. (0x12B)
[0618/040413.117:ERROR:process_memory_win.cc(73)] ReadMemory at 0x1d21773a190 of 60 bytes failed: Only part of a ReadProcessMemory or WriteProcessMemory request was completed. (0x12B)
[0618/040413.117:ERROR:process_memory_win.cc(73)] ReadMemory at 0x1d21773a1e0 of 62 bytes failed: Only part of a ReadProcessMemory or WriteProcessMemory request was completed. (0x12B)
[0618/040413.117:ERROR:process_memory_win.cc(73)] ReadMemory at 0x1d21773a230 of 62 bytes failed: Only part of a ReadProcessMemory or WriteProcessMemory request was completed. (0x12B)
[0618/040413.117:ERROR:process_memory_win.cc(73)] ReadMemory at 0x1d21773a2d0 of 62 bytes failed: Only part of a ReadProcessMemory or WriteProcessMemory request was completed. (0x12B)
[0618/040413.118:ERROR:process_memory_win.cc(73)] ReadMemory at 0x1d21773a320 of 62 bytes failed: Only part of a ReadProcessMemory or WriteProcessMemory request was completed. (0x12B)
[0618/040413.118:ERROR:process_memory_win.cc(73)] ReadMemory at 0x1d21773a370 of 60 bytes failed: Only part of a ReadProcessMemory or WriteProcessMemory request was completed. (0x12B)
[0618/040413.118:ERROR:process_memory_win.cc(73)] ReadMemory at 0x1d21773a3c0 of 62 bytes failed: Only part of a ReadProcessMemory or WriteProcessMemory request was completed. (0x12B)
[0618/040413.118:ERROR:process_memory_win.cc(73)] ReadMemory at 0x1d21773a410 of 62 bytes failed: Only part of a ReadProcessMemory or WriteProcessMemory request was completed. (0x12B)
[0618/040413.118:ERROR:process_memory_win.cc(73)] ReadMemory at 0x1d21773a460 of 60 bytes failed: Only part of a ReadProcessMemory or WriteProcessMemory request was completed. (0x12B)
[0618/040413.118:ERROR:process_memory_win.cc(73)] ReadMemory at 0x1d21773a4b0 of 66 bytes failed: Only part of a ReadProcessMemory or WriteProcessMemory request was completed. (0x12B)
[0618/040413.118:ERROR:process_memory_win.cc(73)] ReadMemory at 0x1d21773a500 of 64 bytes failed: Only part of a ReadProcessMemory or WriteProcessMemory request was completed. (0x12B)
[0618/040413.118:ERROR:process_memory_win.cc(73)] ReadMemory at 0x1d21773a550 of 64 bytes failed: Only part of a ReadProcessMemory or WriteProcessMemory request was completed. (0x12B)
[0618/040413.118:ERROR:process_memory_win.cc(73)] ReadMemory at 0x1d21773a640 of 64 bytes failed: Only part of a ReadProcessMemory or WriteProcessMemory request was completed. (0x12B)
[0618/040413.118:ERROR:process_memory_win.cc(73)] ReadMemory at 0x1d21773a690 of 60 bytes failed: Only part of a ReadProcessMemory or WriteProcessMemory request was completed. (0x12B)
[0618/040413.118:ERROR:process_memory_win.cc(73)] ReadMemory at 0x1d21773a6e0 of 64 bytes failed: Only part of a ReadProcessMemory or WriteProcessMemory request was completed. (0x12B)
[0618/040413.118:ERROR:process_memory_win.cc(73)] ReadMemory at 0x1d21773a730 of 62 bytes failed: Only part of a ReadProcessMemory or WriteProcessMemory request was completed. (0x12B)
[0618/040413.118:ERROR:process_memory_win.cc(73)] ReadMemory at 0x1d21773a780 of 64 bytes failed: Only part of a ReadProcessMemory or WriteProcessMemory request was completed. (0x12B)
[0618/040413.118:ERROR:process_memory_win.cc(73)] ReadMemory at 0x1d21773ad00 of 132 bytes failed: Only part of a ReadProcessMemory or WriteProcessMemory request was completed. (0x12B)
[0618/040413.118:ERROR:process_memory_win.cc(73)] ReadMemory at 0x1d21773ae30 of 132 bytes failed: Only part of a ReadProcessMemory or WriteProcessMemory request was completed. (0x12B)
[0618/040413.118:ERROR:process_memory_win.cc(73)] ReadMemory at 0x1d21773cc00 of 132 bytes failed: Only part of a ReadProcessMemory or WriteProcessMemory request was completed. (0x12B)
[0618/040413.118:ERROR:process_memory_win.cc(73)] ReadMemory at 0x1d21773cd30 of 132 bytes failed: Only part of a ReadProcessMemory or WriteProcessMemory request was completed. (0x12B)
[0618/040413.119:ERROR:process_memory_win.cc(73)] ReadMemory at 0x1d21773d950 of 132 bytes failed: Only part of a ReadProcessMemory or WriteProcessMemory request was completed. (0x12B)
[0618/040413.119:ERROR:process_memory_win.cc(73)] ReadMemory at 0x1d21773dbb0 of 132 bytes failed: Only part of a ReadProcessMemory or WriteProcessMemory request was completed. (0x12B)
[0618/040413.119:ERROR:process_memory_win.cc(73)] ReadMemory at 0x1d21773e070 of 132 bytes failed: Only part of a ReadProcessMemory or WriteProcessMemory request was completed. (0x12B)
[0618/040413.119:ERROR:process_memory_win.cc(73)] ReadMemory at 0x1d21773e2d0 of 132 bytes failed: Only part of a ReadProcessMemory or WriteProcessMemory request was completed. (0x12B)
[0618/040413.119:ERROR:process_memory_win.cc(73)] ReadMemory at 0x1d21773e400 of 132 bytes failed: Only part of a ReadProcessMemory or WriteProcessMemory request was completed. (0x12B)
[0618/040413.119:ERROR:process_memory_win.cc(73)] ReadMemory at 0x1d21773e8c0 of 132 bytes failed: Only part of a ReadProcessMemory or WriteProcessMemory request was completed. (0x12B)
[0618/040413.119:ERROR:process_memory_win.cc(73)] ReadMemory at 0x1d21773f210 of 66 bytes failed: Only part of a ReadProcessMemory or WriteProcessMemory request was completed. (0x12B)
[0618/040413.119:ERROR:process_memory_win.cc(73)] ReadMemory at 0x1d21773f490 of 64 bytes failed: Only part of a ReadProcessMemory or WriteProcessMemory request was completed. (0x12B)
[0618/040413.119:ERROR:process_memory_win.cc(73)] ReadMemory at 0x1d21773f530 of 62 bytes failed: Only part of a ReadProcessMemory or WriteProcessMemory request was completed. (0x12B)
[0618/040413.119:ERROR:process_memory_win.cc(73)] ReadMemory at 0x1d21773fc60 of 60 bytes failed: Only part of a ReadProcessMemory or WriteProcessMemory request was completed. (0x12B)
[0618/040413.119:ERROR:process_memory_win.cc(73)] ReadMemory at 0x1d2177507e0 of 512 bytes failed: Only part of a ReadProcessMemory or WriteProcessMemory request was completed. (0x12B)
[0618/040413.119:ERROR:process_memory_win.cc(73)] ReadMemory at 0x1d217d60000 of 384 bytes failed: Only part of a ReadProcessMemory or WriteProcessMemory request was completed. (0x12B)
[0618/040413.119:ERROR:process_memory_win.cc(73)] ReadMemory at 0x1d217d98e00 of 512 bytes failed: Only part of a ReadProcessMemory or WriteProcessMemory request was completed. (0x12B)
[0618/040413.119:ERROR:process_memory_win.cc(73)] ReadMemory at 0x1d217da6fd0 of 512 bytes failed: Only part of a ReadProcessMemory or WriteProcessMemory request was completed. (0x12B)
[0618/040413.119:ERROR:process_memory_win.cc(73)] ReadMemory at 0x1d217dae8f0 of 512 bytes failed: Only part of a ReadProcessMemory or WriteProcessMemory request was completed. (0x12B)
[0618/040413.119:ERROR:process_memory_win.cc(73)] ReadMemory at 0x1d217db2aa0 of 512 bytes failed: Only part of a ReadProcessMemory or WriteProcessMemory request was completed. (0x12B)
[0618/040413.119:ERROR:process_memory_win.cc(73)] ReadMemory at 0x1d217dc1780 of 1216 bytes failed: Only part of a ReadProcessMemory or WriteProcessMemory request was completed. (0x12B)
[0618/040413.119:ERROR:process_memory_win.cc(73)] ReadMemory at 0x1d217dd4260 of 512 bytes failed: Only part of a ReadProcessMemory or WriteProcessMemory request was completed. (0x12B)
[0618/040413.120:ERROR:process_memory_win.cc(73)] ReadMemory at 0x1d217de4cc0 of 512 bytes failed: Only part of a ReadProcessMemory or WriteProcessMemory request was completed. (0x12B)
[0618/040413.120:ERROR:process_memory_win.cc(73)] ReadMemory at 0x1d217dea8a8 of 512 bytes failed: Only part of a ReadProcessMemory or WriteProcessMemory request was completed. (0x12B)
[0618/040413.120:ERROR:process_memory_win.cc(73)] ReadMemory at 0x1d217dfdeb0 of 512 bytes failed: Only part of a ReadProcessMemory or WriteProcessMemory request was completed. (0x12B)
[0618/040413.120:ERROR:process_memory_win.cc(73)] ReadMemory at 0x1d217e22bf0 of 512 bytes failed: Only part of a ReadProcessMemory or WriteProcessMemory request was completed. (0x12B)
[0618/040413.120:ERROR:process_memory_win.cc(73)] ReadMemory at 0x1d217e379d0 of 560 bytes failed: Only part of a ReadProcessMemory or WriteProcessMemory request was completed. (0x12B)
[0618/040413.120:ERROR:process_memory_win.cc(73)] ReadMemory at 0x1d2193e9b70 of 512 bytes failed: Only part of a ReadProcessMemory or WriteProcessMemory request was completed. (0x12B)
[0618/040413.120:ERROR:process_memory_win.cc(73)] ReadMemory at 0x1d2193ea8c0 of 512 bytes failed: Only part of a ReadProcessMemory or WriteProcessMemory request was completed. (0x12B)
[0618/040413.120:ERROR:process_memory_win.cc(73)] ReadMemory at 0x1d219cbaff0 of 512 bytes failed: Only part of a ReadProcessMemory or WriteProcessMemory request was completed. (0x12B)
[0618/040413.120:ERROR:process_memory_win.cc(73)] ReadMemory at 0x1d21c7bbdf0 of 512 bytes failed: Only part of a ReadProcessMemory or WriteProcessMemory request was completed. (0x12B)
[0618/040413.120:ERROR:process_memory_win.cc(73)] ReadMemory at 0x1d231d70050 of 512 bytes failed: Only part of a ReadProcessMemory or WriteProcessMemory request was completed. (0x12B)
[0618/040413.120:ERROR:process_memory_win.cc(73)] ReadMemory at 0x1d25bdc0620 of 512 bytes failed: Only part of a ReadProcessMemory or WriteProcessMemory request was completed. (0x12B)
[0618/040413.120:ERROR:process_memory_win.cc(73)] ReadMemory at 0x1d264919100 of 512 bytes failed: Only part of a ReadProcessMemory or WriteProcessMemory request was completed. (0x12B)
[0618/040413.120:ERROR:process_memory_win.cc(73)] ReadMemory at 0x1d26b558270 of 512 bytes failed: Only part of a ReadProcessMemory or WriteProcessMemory request was completed. (0x12B)
[0618/040413.120:ERROR:process_memory_win.cc(73)] ReadMemory at 0x1d26b558b10 of 512 bytes failed: Only part of a ReadProcessMemory or WriteProcessMemory request was completed. (0x12B)
[0618/040413.120:ERROR:process_memory_win.cc(73)] ReadMemory at 0x1d271704000 of 416 bytes failed: Only part of a ReadProcessMemory or WriteProcessMemory request was completed. (0x12B)
[0618/040413.120:ERROR:process_memory_win.cc(73)] ReadMemory at 0x1d271721e68 of 512 bytes failed: Only part of a ReadProcessMemory or WriteProcessMemory request was completed. (0x12B)
[0618/040413.120:ERROR:process_memory_win.cc(73)] ReadMemory at 0x1d2717df658 of 512 bytes failed: Only part of a ReadProcessMemory or WriteProcessMemory request was completed. (0x12B)
[0618/040413.120:ERROR:process_memory_win.cc(73)] ReadMemory at 0x8e100000000 of 384 bytes failed: Only part of a ReadProcessMemory or WriteProcessMemory request was completed. (0x12B)
[0618/040413.120:ERROR:process_memory_win.cc(73)] ReadMemory at 0x8e108040000 of 384 bytes failed: Only part of a ReadProcessMemory or WriteProcessMemory request was completed. (0x12B)
[0618/040413.121:ERROR:process_memory_win.cc(73)] ReadMemory at 0x8e1080402dd of 800 bytes failed: Only part of a ReadProcessMemory or WriteProcessMemory request was completed. (0x12B)
[0618/040413.121:ERROR:process_memory_win.cc(73)] ReadMemory at 0x8e108b11199 of 512 bytes failed: Only part of a ReadProcessMemory or WriteProcessMemory request was completed. (0x12B)
[0618/040413.121:ERROR:process_memory_win.cc(73)] ReadMemory at 0x8e13213ff80 of 512 bytes failed: Only part of a ReadProcessMemory or WriteProcessMemory request was completed. (0x12B)
[0618/040413.121:ERROR:process_memory_win.cc(73)] ReadMemory at 0x8e13214c283 of 1089 bytes failed: Only part of a ReadProcessMemory or WriteProcessMemory request was completed. (0x12B)
[0618/040413.121:ERROR:process_memory_win.cc(73)] ReadMemory at 0x8e1333eff15 of 515 bytes failed: Only part of a ReadProcessMemory or WriteProcessMemory request was completed. (0x12B)
[0618/040413.121:ERROR:process_memory_win.cc(73)] ReadMemory at 0x8e1333fb4ac of 512 bytes failed: Only part of a ReadProcessMemory or WriteProcessMemory request was completed. (0x12B)
[0618/040413.121:ERROR:process_memory_win.cc(73)] ReadMemory at 0x8e1333fea2c of 512 bytes failed: Only part of a ReadProcessMemory or WriteProcessMemory request was completed. (0x12B)
[0618/040413.121:ERROR:process_memory_win.cc(73)] ReadMemory at 0x8e13b1a6d80 of 512 bytes failed: Only part of a ReadProcessMemory or WriteProcessMemory request was completed. (0x12B)
[0618/040413.121:ERROR:process_memory_win.cc(73)] ReadMemory at 0xa6fd99ea381 of 512 bytes failed: Only part of a ReadProcessMemory or WriteProcessMemory request was completed. (0x12B)
[0618/040413.121:ERROR:process_memory_win.cc(73)] ReadMemory at 0xa6fda0b7000 of 512 bytes failed: Only part of a ReadProcessMemory or WriteProcessMemory request was completed. (0x12B)
[0618/040413.121:ERROR:process_memory_win.cc(73)] ReadMemory at 0x5e1c375692c0 of 512 bytes failed: Only part of a ReadProcessMemory or WriteProcessMemory request was completed. (0x12B)
[0618/040413.488:ERROR:scoped_process_suspend.cc(40)] NtResumeProcess: An attempt was made to access an exiting process. (0xc000010a)
